<?xml version="1.0" encoding="UTF-8"?>
<!-- Generated by org.testng.reporters.JUnitReportReporter -->
<testsuite skipped="0" hostname="DESKTOP-3HO9IOT" name="com.payment.test" tests="1" failures="0" timestamp="05 Oct 2017 08:44:10 GMT" time="29.984" errors="0">
  <testcase name="verifytest" time="29.984" classname="com.payment.test"/>
</testsuite> <!-- com.payment.test -->
